axioma -> listaSent EOF
listaSent -> sent listaSent
sent -> WHILE AP cond AP sent
sent -> DO sent WHILE AP cond CP PYC
cond -> var MENOR var
var -> IDENT
sent -> ALL listaSent CLL
listaSent -> sent listaSent
sent -> IDENT IGUAL var PYC
var -> IDENT
listaSent -> sent listaSent
sent -> WHILE AP cond AP sent
sent -> DO sent WHILE AP cond CP PYC
cond -> var MENOR var
var -> IDENT
sent -> IDENT IGUAL var PYC
var -> IDENT
listaSent -> sent listaSent
sent -> WHILE AP cond AP sent
sent -> DO sent WHILE AP cond CP PYC
cond -> var MENOR var
cond -> var MENOR var
sent -> WHILE AP cond AP sent
sent -> DO sent WHILE AP cond CP PYC
cond -> var MENOR var
cond -> var MENOR var
sent -> IDENT IGUAL var PYC
var -> IDENT
listaSent ->
listaSent ->
